c:\users\carlos n\documents\github\sistemaacademico\sistemaacademico\sistemaacademico\x64\debug\vc143.pdb
c:\users\carlos n\documents\github\sistemaacademico\sistemaacademico\sistemaacademico\x64\debug\.netframework,version=v4.8.assemblyattributes.obj
c:\users\carlos n\documents\github\sistemaacademico\sistemaacademico\sistemaacademico\x64\debug\mainestudiantes.obj
c:\users\carlos n\documents\github\sistemaacademico\sistemaacademico\sistemaacademico\x64\debug\login.obj
c:\users\carlos n\documents\github\sistemaacademico\sistemaacademico\sistemaacademico\x64\debug\conexion.obj
c:\users\carlos n\documents\github\sistemaacademico\sistemaacademico\x64\debug\sistemaacademico.exe
c:\users\carlos n\documents\github\sistemaacademico\sistemaacademico\sistemaacademico\x64\debug\sistemaacademico.vcxproj.assemblyreference.cache
c:\users\carlos n\documents\github\sistemaacademico\sistemaacademico\sistemaacademico\x64\debug\sistemaacademico.vcxproj.generateresource.cache
c:\users\carlos n\documents\github\sistemaacademico\sistemaacademico\sistemaacademico\x64\debug\sistemaacademico.login.resources
c:\users\carlos n\documents\github\sistemaacademico\sistemaacademico\x64\debug\sistemaacademico.pdb
c:\users\carlos n\documents\github\sistemaacademico\sistemaacademico\sistemaacademico\x64\debug\sistemaacademico.tlog\cl.command.1.tlog
c:\users\carlos n\documents\github\sistemaacademico\sistemaacademico\sistemaacademico\x64\debug\sistemaacademico.tlog\cl.read.1.tlog
c:\users\carlos n\documents\github\sistemaacademico\sistemaacademico\sistemaacademico\x64\debug\sistemaacademico.tlog\cl.write.1.tlog
c:\users\carlos n\documents\github\sistemaacademico\sistemaacademico\sistemaacademico\x64\debug\sistemaacademico.tlog\link.10096-cvtres.read.1.tlog
c:\users\carlos n\documents\github\sistemaacademico\sistemaacademico\sistemaacademico\x64\debug\sistemaacademico.tlog\link.10096-cvtres.write.1.tlog
c:\users\carlos n\documents\github\sistemaacademico\sistemaacademico\sistemaacademico\x64\debug\sistemaacademico.tlog\link.10096-rc.read.1.tlog
c:\users\carlos n\documents\github\sistemaacademico\sistemaacademico\sistemaacademico\x64\debug\sistemaacademico.tlog\link.10096-rc.write.1.tlog
c:\users\carlos n\documents\github\sistemaacademico\sistemaacademico\sistemaacademico\x64\debug\sistemaacademico.tlog\link.10096.read.1.tlog
c:\users\carlos n\documents\github\sistemaacademico\sistemaacademico\sistemaacademico\x64\debug\sistemaacademico.tlog\link.10096.read.2.tlog
c:\users\carlos n\documents\github\sistemaacademico\sistemaacademico\sistemaacademico\x64\debug\sistemaacademico.tlog\link.10096.write.1.tlog
c:\users\carlos n\documents\github\sistemaacademico\sistemaacademico\sistemaacademico\x64\debug\sistemaacademico.tlog\link.8768-cvtres.read.1.tlog
c:\users\carlos n\documents\github\sistemaacademico\sistemaacademico\sistemaacademico\x64\debug\sistemaacademico.tlog\link.8768-cvtres.write.1.tlog
c:\users\carlos n\documents\github\sistemaacademico\sistemaacademico\sistemaacademico\x64\debug\sistemaacademico.tlog\link.8768-rc.read.1.tlog
c:\users\carlos n\documents\github\sistemaacademico\sistemaacademico\sistemaacademico\x64\debug\sistemaacademico.tlog\link.8768-rc.write.1.tlog
c:\users\carlos n\documents\github\sistemaacademico\sistemaacademico\sistemaacademico\x64\debug\sistemaacademico.tlog\link.8768.read.1.tlog
c:\users\carlos n\documents\github\sistemaacademico\sistemaacademico\sistemaacademico\x64\debug\sistemaacademico.tlog\link.8768.read.2.tlog
c:\users\carlos n\documents\github\sistemaacademico\sistemaacademico\sistemaacademico\x64\debug\sistemaacademico.tlog\link.8768.write.1.tlog
c:\users\carlos n\documents\github\sistemaacademico\sistemaacademico\sistemaacademico\x64\debug\sistemaacademico.tlog\link.command.1.tlog
c:\users\carlos n\documents\github\sistemaacademico\sistemaacademico\sistemaacademico\x64\debug\sistemaacademico.tlog\link.read.1.tlog
c:\users\carlos n\documents\github\sistemaacademico\sistemaacademico\sistemaacademico\x64\debug\sistemaacademico.tlog\link.read.2.tlog
c:\users\carlos n\documents\github\sistemaacademico\sistemaacademico\sistemaacademico\x64\debug\sistemaacademico.tlog\link.write.1.tlog
c:\users\carlos n\documents\github\sistemaacademico\sistemaacademico\sistemaacademico\x64\debug\sistemaacademico.tlog\metagen.read.1.tlog
c:\users\carlos n\documents\github\sistemaacademico\sistemaacademico\sistemaacademico\x64\debug\sistemaacademico.tlog\metagen.write.1.tlog
c:\users\carlos n\documents\github\sistemaacademico\sistemaacademico\sistemaacademico\x64\debug\sistemaacademico.tlog\resgen.command.1.tlog
c:\users\carlos n\documents\github\sistemaacademico\sistemaacademico\sistemaacademico\x64\debug\sistemaacademico.tlog\resgen.read.1.tlog
c:\users\carlos n\documents\github\sistemaacademico\sistemaacademico\sistemaacademico\x64\debug\sistemaacademico.tlog\resgen.write.1.tlog
