  Login.cpp
C:\Users\Carlos N\Documents\GitHub\SistemaAcademico\SistemaAcademico\SistemaAcademico\ViewEstudiantes.h(608,36): warning C4101: 'e': unreferenced local variable
C:\Program Files\Microsoft Visual Studio\2022\Community\VC\Tools\MSVC\14.37.32822\include\msclr\marshal.h(210,62): error C2280: '_To_Type msclr::interop::error_reporting_helper<_To_Type,_From_Type,false>::marshal_as(const _From_Type &)': attempting to reference a deleted function
          with
          [
              _To_Type=std::string,
              _From_Type=System::Windows::Forms::DataGridViewRow ^
          ]
C:\Program Files\Microsoft Visual Studio\2022\Community\VC\Tools\MSVC\14.37.32822\include\msclr\marshal.h(196,33): message : see declaration of 'msclr::interop::error_reporting_helper<_To_Type,_From_Type,false>::marshal_as'
          with
          [
              _To_Type=std::string,
              _From_Type=System::Windows::Forms::DataGridViewRow ^
          ]
C:\Program Files\Microsoft Visual Studio\2022\Community\VC\Tools\MSVC\14.37.32822\include\msclr\marshal.h(196,33): message : '_To_Type msclr::interop::error_reporting_helper<_To_Type,_From_Type,false>::marshal_as(const _From_Type &)': function was explicitly deleted
          with
          [
              _To_Type=std::string,
              _From_Type=System::Windows::Forms::DataGridViewRow ^
          ]
C:\Program Files\Microsoft Visual Studio\2022\Community\VC\Tools\MSVC\14.37.32822\include\msclr\marshal.h(239,16): message : see reference to function template instantiation '_To_Type msclr::interop::_Marshal_as_impl<_To_Type,_From_Type>(std::false_type,const _From_Type &)' being compiled
          with
          [
              _To_Type=std::string,
              _From_Type=System::Windows::Forms::DataGridViewRow ^
          ]
C:\Users\Carlos N\Documents\GitHub\SistemaAcademico\SistemaAcademico\SistemaAcademico\ViewEstudiantes.h(622,42): message : see reference to function template instantiation '_To_Type msclr::interop::marshal_as<std::string,System::Windows::Forms::DataGridViewRow^>(const _From_Type &)' being compiled
          with
          [
              _To_Type=std::string,
              _From_Type=System::Windows::Forms::DataGridViewRow ^
          ]
C:\Program Files\Microsoft Visual Studio\2022\Community\VC\Tools\MSVC\14.37.32822\include\msclr\marshal.h(210,62): error C4996: 'msclr::interop::error_reporting_helper<_To_Type,_From_Type,false>::marshal_as': This conversion is not supported by the library or the header file needed for this conversion is not included.  Please refer to the documentation on 'How to: Extend the Marshaling Library' for adding your own marshaling method.
          with
          [
              _To_Type=std::string,
              _From_Type=System::Windows::Forms::DataGridViewRow ^
          ]
  ViewEstudiantes.cpp
C:\Users\Carlos N\Documents\GitHub\SistemaAcademico\SistemaAcademico\SistemaAcademico\ViewEstudiantes.h(608,36): warning C4101: 'e': unreferenced local variable
C:\Program Files\Microsoft Visual Studio\2022\Community\VC\Tools\MSVC\14.37.32822\include\msclr\marshal.h(210,62): error C2280: '_To_Type msclr::interop::error_reporting_helper<_To_Type,_From_Type,false>::marshal_as(const _From_Type &)': attempting to reference a deleted function
          with
          [
              _To_Type=std::string,
              _From_Type=System::Windows::Forms::DataGridViewRow ^
          ]
C:\Program Files\Microsoft Visual Studio\2022\Community\VC\Tools\MSVC\14.37.32822\include\msclr\marshal.h(196,33): message : see declaration of 'msclr::interop::error_reporting_helper<_To_Type,_From_Type,false>::marshal_as'
          with
          [
              _To_Type=std::string,
              _From_Type=System::Windows::Forms::DataGridViewRow ^
          ]
C:\Program Files\Microsoft Visual Studio\2022\Community\VC\Tools\MSVC\14.37.32822\include\msclr\marshal.h(196,33): message : '_To_Type msclr::interop::error_reporting_helper<_To_Type,_From_Type,false>::marshal_as(const _From_Type &)': function was explicitly deleted
          with
          [
              _To_Type=std::string,
              _From_Type=System::Windows::Forms::DataGridViewRow ^
          ]
C:\Program Files\Microsoft Visual Studio\2022\Community\VC\Tools\MSVC\14.37.32822\include\msclr\marshal.h(239,16): message : see reference to function template instantiation '_To_Type msclr::interop::_Marshal_as_impl<_To_Type,_From_Type>(std::false_type,const _From_Type &)' being compiled
          with
          [
              _To_Type=std::string,
              _From_Type=System::Windows::Forms::DataGridViewRow ^
          ]
C:\Users\Carlos N\Documents\GitHub\SistemaAcademico\SistemaAcademico\SistemaAcademico\ViewEstudiantes.h(622,42): message : see reference to function template instantiation '_To_Type msclr::interop::marshal_as<std::string,System::Windows::Forms::DataGridViewRow^>(const _From_Type &)' being compiled
          with
          [
              _To_Type=std::string,
              _From_Type=System::Windows::Forms::DataGridViewRow ^
          ]
C:\Program Files\Microsoft Visual Studio\2022\Community\VC\Tools\MSVC\14.37.32822\include\msclr\marshal.h(210,62): error C4996: 'msclr::interop::error_reporting_helper<_To_Type,_From_Type,false>::marshal_as': This conversion is not supported by the library or the header file needed for this conversion is not included.  Please refer to the documentation on 'How to: Extend the Marshaling Library' for adding your own marshaling method.
          with
          [
              _To_Type=std::string,
              _From_Type=System::Windows::Forms::DataGridViewRow ^
          ]
  Generating Code...
